<?xml version="1.0" encoding="UTF-8"?>
<testng-results ignored="0" total="1" passed="1" failed="0" skipped="0">
  <reporter-output>
  </reporter-output>
  <suite started-at="2021-04-25T21:24:12Z" name="InetBankingV1" finished-at="2021-04-25T21:24:45Z" duration-ms="32443">
    <groups>
    </groups>
    <test started-at="2021-04-25T21:24:12Z" name="BankingApp Test" finished-at="2021-04-25T21:24:45Z" duration-ms="32443">
      <class name="com.inetBanking.testCases.TC_Login_001">
        <test-method is-config="true" signature="setup(java.lang.String)[pri:0, instance:com.inetBanking.testCases.TC_Login_001@4461c7e3]" started-at="2021-04-25T21:24:12Z" name="setup" finished-at="2021-04-25T21:24:43Z" duration-ms="30740" status="PASS">
          <params>
            <param index="0">
              <value>
                <![CDATA[chrome]]>
              </value>
            </param>
          </params>
          <reporter-output>
          </reporter-output>
        </test-method> <!-- setup -->
        <test-method signature="loginTest()[pri:0, instance:com.inetBanking.testCases.TC_Login_001@4461c7e3]" started-at="2021-04-25T21:24:43Z" name="loginTest" finished-at="2021-04-25T21:24:44Z" duration-ms="1281" status="PASS">
          <reporter-output>
          </reporter-output>
        </test-method> <!-- loginTest -->
        <test-method is-config="true" signature="tearDown()[pri:0, instance:com.inetBanking.testCases.TC_Login_001@4461c7e3]" started-at="2021-04-25T21:24:44Z" name="tearDown" finished-at="2021-04-25T21:24:45Z" duration-ms="246" status="PASS">
          <reporter-output>
          </reporter-output>
        </test-method> <!-- tearDown -->
      </class> <!-- com.inetBanking.testCases.TC_Login_001 -->
    </test> <!-- BankingApp Test -->
  </suite> <!-- InetBankingV1 -->
</testng-results>
